C51 COMPILER V9.60.7.0   DIGITAL                                                           01/02/2024 09:12:21 PAGE 1   


C51 COMPILER V9.60.7.0, COMPILATION OF MODULE DIGITAL
OBJECT MODULE PLACED IN .\Objects\Digital.obj
COMPILER INVOKED BY: C:\Program Files\Keil_v5\C51\BIN\C51.EXE Digital\Digital.c OPTIMIZE(8,SPEED) BROWSE DEBUG OBJECTEXT
                    -END PRINT(.\Listings\Digital.lst) TABS(3) OBJECT(.\Objects\Digital.obj)

line level    source

   1          #include "Digital.h"
   2          
   3          sfr __digital__ = 0xA0;
   4          sfr __data__ = 0x80;
   5          
   6          //Â∫èÂè∑             Êï∞ÂÄº
   7          //0    0001 1100 = 0x1C
   8          //1    0001 1000 = 0x18
   9          //2    0001 0100 = 0x14
  10          //3    0001 0000 = 0x10
  11          //4    0000 1100 = 0x0C
  12          //5    0000 1000 = 0x08
  13          //6    0000 0100 = 0x04
  14          //7    0000 0000 = 0x00
  15          static const unsigned char code cell[8] = { 0x1C, 0x18, 0x14, 0x10, 0x0C, 0x08, 0x04, 0x00 }; //Êï∞Á†ÅÁÆ°Â
             -çïÂÖÉ
  16          
  17          //ÊòæÁ§∫Á¨¶Âè∑ .gfe dcba   Êï∞ÂÄº
  18          //0        0011 1111 = 0x3F
  19          //1        0000 0110 = 0x06
  20          //2        0101 1011 = 0x5B
  21          //3        0100 1111 = 0x4F
  22          //4        0110 0110 = 0x66
  23          //5        0110 1101 = 0x6D
  24          //6        0111 1101 = 0x7D
  25          //7        0000 0111 = 0x07
  26          //8        0111 1111 = 0x7F
  27          //9        0110 1111 = 0x6F
  28          static const unsigned char code number[10] = { 0x3F, 0x06, 0x5B, 0x4F, 0x66, 0x6D, 0x7D, 0x07, 0x7F, 0x6F 
             -}; //ÊòæÁ§∫Â≠óÁ¨¶
  29          
  30          static const unsigned char * value; //ÊÉ≥Ë¶ÅÊòæÁ§∫ÁöÑÂ≠óÁ¨¶ÂØπÂ∫îÁöÑÊï∞ÂÄºÊï∞ÁªÑ
  31          static unsigned char length; //Êï∞ÁªÑÈïøÂ∫¶
  32          static unsigned char start; //ÊòæÁ§∫Ëµ∑ÁÇπ
  33          
  34          void Digital_Initial(const unsigned char item[], const unsigned char amount) {
  35   1         value = item;
  36   1         length = amount;
  37   1         start = 0;
  38   1      }
  39          
  40          void Digital_Light(void) {
  41   1         static unsigned char order; //ÊòæÁ§∫Êï∞Á†ÅÁÆ°ÁöÑÂ∫èÂè∑
  42   1         
  43   1         for(order = 0; order < 8; order++) {
  44   2            __data__ = number[value[(start + order) % length]]; //ÊòæÁ§∫Â≠óÁ¨¶
  45   2            __digital__ = cell[order]; //ÂàáÊç¢Êï∞Á†ÅÁÆ°
  46   2            Delay2ms(); //Âª∂Êó∂2ms
  47   2         }
  48   1      }
  49          
  50          void Digital_Left(void) {
  51   1         start = ++start % length;
  52   1      }
C51 COMPILER V9.60.7.0   DIGITAL                                                           01/02/2024 09:12:21 PAGE 2   

  53          
  54          void Digital_Right(void) {
  55   1         start = (start + length - 1) % length;
  56   1      }


MODULE INFORMATION:   STATIC OVERLAYABLE
   CODE SIZE        =    106    ----
   CONSTANT SIZE    =     18    ----
   XDATA SIZE       =   ----    ----
   PDATA SIZE       =   ----    ----
   DATA SIZE        =      6    ----
   IDATA SIZE       =   ----    ----
   BIT SIZE         =   ----    ----
END OF MODULE INFORMATION.


C51 COMPILATION COMPLETE.  0 WARNING(S),  0 ERROR(S)
