C51 COMPILER V9.60.7.0   BUTTON                                                            01/02/2024 09:12:21 PAGE 1   


C51 COMPILER V9.60.7.0, COMPILATION OF MODULE BUTTON
OBJECT MODULE PLACED IN .\Objects\Button.obj
COMPILER INVOKED BY: C:\Program Files\Keil_v5\C51\BIN\C51.EXE Button\Button.c OPTIMIZE(8,SPEED) BROWSE DEBUG OBJECTEXTEN
                    -D PRINT(.\Listings\Button.lst) TABS(3) OBJECT(.\Objects\Button.obj)

line level    source

   1          #include "Button.h"
   2          
   3          sfr __button__ = 0xB0;
   4          
   5          unsigned char Button_Value(void) {
   6   1         static unsigned char last_value = BUTTON_NONE; //上一次获取的键值
   7   1         unsigned char now_value; //此次获取的键值
   8   1         unsigned char value; //实际返回的键值
   9   1         
  10   1         __button__ = BUTTON_NONE; //进行必要的初始化操作
  11   1         now_value = __button__; //获取当前键值
  12   1         value = ((now_value == BUTTON_NONE) && (last_value != BUTTON_NONE)) ? last_value : BUTTON_NONE; //获
             -所有按钮抬起时对应的键值
  13   1         last_value = now_value; //更新上一次获取的键值
  14   1      
  15   1         return value; //返回键值
  16   1      }


MODULE INFORMATION:   STATIC OVERLAYABLE
   CODE SIZE        =     25    ----
   CONSTANT SIZE    =   ----    ----
   XDATA SIZE       =   ----    ----
   PDATA SIZE       =   ----    ----
   DATA SIZE        =      1    ----
   IDATA SIZE       =   ----    ----
   BIT SIZE         =   ----    ----
END OF MODULE INFORMATION.


C51 COMPILATION COMPLETE.  0 WARNING(S),  0 ERROR(S)
