C51 COMPILER V9.60.7.0   BUZZER                                                            01/02/2024 09:12:21 PAGE 1   


C51 COMPILER V9.60.7.0, COMPILATION OF MODULE BUZZER
OBJECT MODULE PLACED IN .\Objects\Buzzer.obj
COMPILER INVOKED BY: C:\Program Files\Keil_v5\C51\BIN\C51.EXE Buzzer\Buzzer.c OPTIMIZE(8,SPEED) BROWSE DEBUG OBJECTEXTEN
                    -D PRINT(.\Listings\Buzzer.lst) TABS(3) OBJECT(.\Objects\Buzzer.obj)

line level    source

   1          #include "Buzzer.h"
   2          
   3          sbit _buzzer_ = P2^5;
   4          
   5          static unsigned char context[3]; //执行前的上下文
   6          static bit last_state; //执行之前引脚的状态
   7          
   8          void Buzzer_Initial(const unsigned char time, const unsigned char period) {
   9   1         context[0] = time;
  10   1         context[1] = period;
  11   1      }
  12          
  13          void Buzzer_Emit(const bit value) {
  14   1         context[2] = (value == 0) ? 0 : 1;
  15   1         last_state = _buzzer_; //记录执行之前引脚的状态
  16   1      }
  17          
  18          void Buzzer_Beep(void) {
  19   1         static unsigned char count; //计数器
  20   1         
  21   1         if(context[2] == 1) {
  22   2            if(count == context[0]) {
  23   3               count = context[2] = 0; //重置
  24   3               _buzzer_ = last_state; //将引脚恢复到执行前的状态
  25   3               return;
  26   3            }
  27   2            if(count % context[1] == 0) {
  28   3               _buzzer_ = ~_buzzer_;
  29   3            }
  30   2            count++;
  31   2         }
  32   1      }


MODULE INFORMATION:   STATIC OVERLAYABLE
   CODE SIZE        =     56    ----
   CONSTANT SIZE    =   ----    ----
   XDATA SIZE       =   ----    ----
   PDATA SIZE       =   ----    ----
   DATA SIZE        =      4    ----
   IDATA SIZE       =   ----    ----
   BIT SIZE         =      1       1
END OF MODULE INFORMATION.


C51 COMPILATION COMPLETE.  0 WARNING(S),  0 ERROR(S)
