C51 COMPILER V9.60.7.0   DELAY                                                             01/02/2024 09:12:22 PAGE 1   


C51 COMPILER V9.60.7.0, COMPILATION OF MODULE DELAY
OBJECT MODULE PLACED IN .\Objects\Delay.obj
COMPILER INVOKED BY: C:\Program Files\Keil_v5\C51\BIN\C51.EXE Delay\Delay.c OPTIMIZE(8,SPEED) BROWSE DEBUG OBJECTEXTEND 
                    -PRINT(.\Listings\Delay.lst) TABS(3) OBJECT(.\Objects\Delay.obj)

line level    source

   1          #include "Delay.h"
   2          
   3          //for 11.0592MHz
   4          
   5          void Delay2ms(void) {
   6   1         static unsigned char data i, j;
   7   1      
   8   1         _nop_();
   9   1         i = 4;
  10   1         j = 146;
  11   1         do {
  12   2            while (--j);
  13   2         } while (--i);
  14   1      }
  15          
  16          void Delay10ms(void) {
  17   1         static unsigned char data i, j;
  18   1      
  19   1         i = 18;
  20   1         j = 235;
  21   1         do {
  22   2            while (--j);
  23   2         } while (--i);
  24   1      }


MODULE INFORMATION:   STATIC OVERLAYABLE
   CODE SIZE        =     27    ----
   CONSTANT SIZE    =   ----    ----
   XDATA SIZE       =   ----    ----
   PDATA SIZE       =   ----    ----
   DATA SIZE        =      4    ----
   IDATA SIZE       =   ----    ----
   BIT SIZE         =   ----    ----
END OF MODULE INFORMATION.


C51 COMPILATION COMPLETE.  0 WARNING(S),  0 ERROR(S)
