C51 COMPILER V9.60.7.0   IODEVICE                                                          01/01/2024 20:10:49 PAGE 1   


C51 COMPILER V9.60.7.0, COMPILATION OF MODULE IODEVICE
OBJECT MODULE PLACED IN .\Objects\IODevice.obj
COMPILER INVOKED BY: C:\Program Files\Keil_v5\C51\BIN\C51.EXE IODevice\IODevice.c OPTIMIZE(8,SPEED) BROWSE DEBUG OBJECTE
                    -XTEND PRINT(.\Listings\IODevice.lst) TABS(3) OBJECT(.\Objects\IODevice.obj)

line level    source

   1          #include "IODevice.h"
   2          
   3          #ifdef TIMER //如果在这之前定义了使用哪个定时器
              #undef TIMER //则取消该定义
              #else //否则
   6          #define TIMER 0 //定义在这之后使用哪个定时器
   7          #endif
   8          
   9          //8位表
  10          //0000 0001 = 0x01 | Button
  11          //0000 0010 = 0x02 | Keyboard
  12          //0000 0100 = 0x04 | Buzzer
  13          //0000 1000 = 0x08 | LEDQueue
  14          //0001 0000 = 0x10 | Digital
  15          //0010 0000 = 0x20 | LEDMatrix
  16          //0100 0000 = 0x40 | LCD1602
  17          //1000 0000 = 0x80 | Motor
  18          static unsigned char device_form; //申请使用设备表
  19          
  20          static bit signal_scan_button; //是否扫描按钮
  21          static bit signal_scan_keyboard; //是否扫描键盘
  22          
  23          void IODevice_Initial(const unsigned char form, void * const callback) {
  24   1         device_form = form;
  25   1         Timer_Initial(TIMER, 0xFC, 0x66); //将定时器的中断间隔设置为1ms
*** WARNING C206 IN LINE 25 OF IODevice\IODevice.c: 'Timer_Initial': missing function-prototype
*** ERROR C267 IN LINE 25 OF IODevice\IODevice.c: 'Timer_Initial': requires ANSI-style prototype
  26   1         Timer_Callback(TIMER, callback); //配置定时器中断时的回调函数
  27   1      }
  28          
  29          void IODevice_Boot(void) {
  30   1         Timer_Control(TIMER, 1); //启动定时器
  31   1      }
  32          
  33          void IODevice_Abort(void) {
  34   1         Timer_Control(TIMER, 0); //关闭定时器
  35   1      }
  36          
  37          void IODevice_Emit(const unsigned char signal) {
  38   1         switch(signal) {
  39   2            case SIGNAL_SCAN_BUTTON:
  40   2               signal_scan_button = 1; //发出扫描按钮的信号
  41   2               break;
  42   2            case SIGNAL_SCAN_KEYBOARD:
  43   2               signal_scan_keyboard = 1; //发出扫描键盘的信号
  44   2               break;
  45   2            default:
  46   2               break;
  47   2         }
  48   1      }
  49          
  50          void IODevice_Execute(void) {
  51   1      }

C51 COMPILATION COMPLETE.  1 WARNING(S),  1 ERROR(S)
