C51 COMPILER V9.60.7.0   LEDMATRIX                                                         01/02/2024 09:12:21 PAGE 1   


C51 COMPILER V9.60.7.0, COMPILATION OF MODULE LEDMATRIX
OBJECT MODULE PLACED IN .\Objects\LEDMatrix.obj
COMPILER INVOKED BY: C:\Program Files\Keil_v5\C51\BIN\C51.EXE LEDMatrix\LEDMatrix.c OPTIMIZE(8,SPEED) BROWSE DEBUG OBJEC
                    -TEXTEND PRINT(.\Listings\LEDMatrix.lst) TABS(3) OBJECT(.\Objects\LEDMatrix.obj)

line level    source

   1          #include "LEDMatrix.h"
   2          
   3          sbit _DI_ = P3^4;
   4          sbit _DA_ = P3^6;
   5          sbit _DO_ = P3^5;
   6          
   7          sfr __column__ = 0x80;
   8          
   9          static const unsigned char * value; //Ë¶ÅÊòæÁ§∫ÁöÑÂÜÖÂÆπÁöÑÊï∞ÁªÑ
  10          static unsigned char length; //Êï∞ÁªÑÈïøÂ∫¶
  11          static unsigned char start; //ÊòæÁ§∫Ëµ∑ÁÇπ
  12          
  13          void LEDMatrix_Initial(const unsigned char item[], const unsigned char amount) {
  14   1         value = item;
  15   1         length = amount;
  16   1         start = 0;
  17   1      }
  18          
  19          void LEDMatrix_Light(void) {
  20   1         unsigned char column; //ÂΩìÂâçÊòæÁ§∫ÁöÑÂàó
  21   1         unsigned char times; //ÂΩìÂâçÊâßË°åÁßª‰ΩçÁöÑÊ¨°Êï∞
  22   1         
  23   1         for(column = 0; column < 8; column++) {
  24   2            __column__ = 0xFF; //Ê∂àÈô§‰∏ä‰∏ÄÂàóÊÆãÂΩ±
  25   2            for(times = 0; times < 8; times++) {
  26   3               if((value[(start + column) % length] & (0x80 >> times)) == (0x80 >> times)) {_DI_ = 1;} //ËΩΩÂÖ•‰
             -ΩçÊï∞ÊçÆ
  27   3               else {_DI_ = 0;}
  28   3               _DA_ = 0;_DA_ = 1; //Áßª‰Ωç
  29   3            }
  30   2            _DO_ = 0;_DO_ = 1;//ÈÄÅÂá∫Êï∞ÊçÆ
  31   2            __column__ = ~(0x80 >> column); //ÂàáÊç¢‰∏ã‰∏ÄÂàó
  32   2            Delay2ms(); //Âª∂Êó∂2ms
  33   2         }
  34   1      }
  35          
  36          void LEDMatrix_Left(void) {
  37   1         start = ++start % length;
  38   1      }
  39          
  40          void LEDMatrix_Right(void) {
  41   1         start = (start + length - 1) % length;
  42   1      }


MODULE INFORMATION:   STATIC OVERLAYABLE
   CODE SIZE        =    168    ----
   CONSTANT SIZE    =   ----    ----
   XDATA SIZE       =   ----    ----
   PDATA SIZE       =   ----    ----
   DATA SIZE        =      5       2
   IDATA SIZE       =   ----    ----
   BIT SIZE         =   ----    ----
END OF MODULE INFORMATION.

C51 COMPILER V9.60.7.0   LEDMATRIX                                                         01/02/2024 09:12:21 PAGE 2   


C51 COMPILATION COMPLETE.  0 WARNING(S),  0 ERROR(S)
